<?xml version="1.0" encoding="UTF-8"?>
<coverage generated="1761369640093" clover="3.2.0">
  <project timestamp="1761369640093" name="All files">
    <metrics statements="64" coveredstatements="64" conditionals="92" coveredconditionals="82" methods="9" coveredmethods="9" elements="165" coveredelements="155" complexity="0" loc="64" ncloc="64" packages="1" files="1" classes="1"/>
    <file name="calculations.ts" path="D:\Billiard Management App\src\utils\calculations.ts">
      <metrics statements="64" coveredstatements="64" conditionals="92" coveredconditionals="82" methods="9" coveredmethods="9"/>
      <line num="10" count="1" type="stmt"/>
      <line num="11" count="8" type="cond" truecount="2" falsecount="0"/>
      <line num="12" count="8" type="cond" truecount="2" falsecount="0"/>
      <line num="13" count="8" type="stmt"/>
      <line num="15" count="8" type="stmt"/>
      <line num="21" count="8" type="stmt"/>
      <line num="31" count="1" type="stmt"/>
      <line num="32" count="16" type="stmt"/>
      <line num="33" count="16" type="cond" truecount="2" falsecount="0"/>
      <line num="35" count="16" type="cond" truecount="4" falsecount="0"/>
      <line num="36" count="9" type="cond" truecount="4" falsecount="0"/>
      <line num="38" count="8" type="stmt"/>
      <line num="39" count="8" type="stmt"/>
      <line num="49" count="1" type="stmt"/>
      <line num="54" count="19" type="cond" truecount="2" falsecount="0"/>
      <line num="55" count="19" type="cond" truecount="2" falsecount="0"/>
      <line num="57" count="19" type="cond" truecount="4" falsecount="0"/>
      <line num="59" count="8" type="cond" truecount="2" falsecount="0"/>
      <line num="60" count="3" type="stmt"/>
      <line num="61" count="3" type="stmt"/>
      <line num="64" count="5" type="stmt"/>
      <line num="65" count="5" type="stmt"/>
      <line num="74" count="1" type="stmt"/>
      <line num="75" count="16" type="cond" truecount="2" falsecount="0"/>
      <line num="76" count="14" type="stmt"/>
      <line num="77" count="12" type="cond" truecount="4" falsecount="0"/>
      <line num="78" count="12" type="cond" truecount="2" falsecount="0"/>
      <line num="79" count="12" type="stmt"/>
      <line num="87" count="1" type="stmt"/>
      <line num="94" count="9" type="cond" truecount="3" falsecount="1"/>
      <line num="95" count="9" type="cond" truecount="3" falsecount="1"/>
      <line num="96" count="9" type="cond" truecount="5" falsecount="1"/>
      <line num="99" count="9" type="cond" truecount="3" falsecount="1"/>
      <line num="100" count="9" type="cond" truecount="5" falsecount="1"/>
      <line num="103" count="9" type="cond" truecount="5" falsecount="1"/>
      <line num="106" count="9" type="cond" truecount="3" falsecount="1"/>
      <line num="108" count="9" type="stmt"/>
      <line num="109" count="9" type="stmt"/>
      <line num="110" count="9" type="cond" truecount="2" falsecount="0"/>
      <line num="111" count="9" type="stmt"/>
      <line num="114" count="9" type="stmt"/>
      <line num="116" count="9" type="stmt"/>
      <line num="123" count="1" type="stmt"/>
      <line num="124" count="7" type="stmt"/>
      <line num="125" count="7" type="cond" truecount="4" falsecount="0"/>
      <line num="126" count="3" type="stmt"/>
      <line num="127" count="3" type="stmt"/>
      <line num="128" count="3" type="stmt"/>
      <line num="129" count="3" type="stmt"/>
      <line num="130" count="3" type="stmt"/>
      <line num="131" count="3" type="stmt"/>
      <line num="132" count="3" type="stmt"/>
      <line num="139" count="1" type="stmt"/>
      <line num="140" count="5" type="stmt"/>
      <line num="141" count="5" type="cond" truecount="4" falsecount="0"/>
      <line num="142" count="2" type="stmt"/>
      <line num="143" count="2" type="stmt"/>
      <line num="144" count="2" type="stmt"/>
      <line num="145" count="2" type="stmt"/>
      <line num="152" count="1" type="stmt"/>
      <line num="153" count="9" type="cond" truecount="2" falsecount="0"/>
      <line num="154" count="9" type="stmt"/>
      <line num="155" count="9" type="stmt"/>
      <line num="156" count="9" type="cond" truecount="2" falsecount="0"/>
    </file>
  </project>
</coverage>
