{"D:\\Billiard Management App\\src\\utils\\calculations.ts": {"path":"D:\\Billiard Management App\\src\\utils\\calculations.ts","statementMap":{"0":{"start":{"line":10,"column":0},"end":{"line":10,"column":16}},"1":{"start":{"line":31,"column":0},"end":{"line":31,"column":16}},"2":{"start":{"line":49,"column":0},"end":{"line":49,"column":16}},"3":{"start":{"line":74,"column":0},"end":{"line":74,"column":16}},"4":{"start":{"line":87,"column":0},"end":{"line":87,"column":16}},"5":{"start":{"line":123,"column":0},"end":{"line":123,"column":16}},"6":{"start":{"line":139,"column":0},"end":{"line":139,"column":16}},"7":{"start":{"line":152,"column":0},"end":{"line":152,"column":16}},"8":{"start":{"line":11,"column":12},"end":{"line":11,"column":60}},"9":{"start":{"line":12,"column":15},"end":{"line":12,"column":31}},"10":{"start":{"line":13,"column":14},"end":{"line":13,"column":25}},"11":{"start":{"line":15,"column":20},"end":{"line":19,"column":16}},"12":{"start":{"line":21,"column":2},"end":{"line":21,"column":33}},"13":{"start":{"line":32,"column":18},"end":{"line":32,"column":38}},"14":{"start":{"line":33,"column":16},"end":{"line":33,"column":70}},"15":{"start":{"line":35,"column":2},"end":{"line":35,"column":67}},"16":{"start":{"line":35,"column":58},"end":{"line":35,"column":67}},"17":{"start":{"line":36,"column":2},"end":{"line":36,"column":63}},"18":{"start":{"line":36,"column":54},"end":{"line":36,"column":63}},"19":{"start":{"line":38,"column":15},"end":{"line":38,"column":43}},"20":{"start":{"line":39,"column":2},"end":{"line":39,"column":34}},"21":{"start":{"line":54,"column":18},"end":{"line":54,"column":85}},"22":{"start":{"line":55,"column":15},"end":{"line":55,"column":72}},"23":{"start":{"line":57,"column":2},"end":{"line":57,"column":44}},"24":{"start":{"line":57,"column":35},"end":{"line":57,"column":44}},"25":{"start":{"line":59,"column":2},"end":{"line":62,"column":3}},"26":{"start":{"line":60,"column":18},"end":{"line":60,"column":41}},"27":{"start":{"line":61,"column":4},"end":{"line":61,"column":36}},"28":{"start":{"line":64,"column":17},"end":{"line":64,"column":38}},"29":{"start":{"line":65,"column":2},"end":{"line":65,"column":28}},"30":{"start":{"line":75,"column":2},"end":{"line":75,"column":38}},"31":{"start":{"line":75,"column":29},"end":{"line":75,"column":38}},"32":{"start":{"line":76,"column":2},"end":{"line":80,"column":8}},"33":{"start":{"line":77,"column":15},"end":{"line":77,"column":38}},"34":{"start":{"line":78,"column":14},"end":{"line":78,"column":48}},"35":{"start":{"line":79,"column":4},"end":{"line":79,"column":19}},"36":{"start":{"line":94,"column":20},"end":{"line":94,"column":52}},"37":{"start":{"line":95,"column":20},"end":{"line":95,"column":64}},"38":{"start":{"line":96,"column":21},"end":{"line":98,"column":7}},"39":{"start":{"line":99,"column":22},"end":{"line":99,"column":57}},"40":{"start":{"line":100,"column":19},"end":{"line":102,"column":7}},"41":{"start":{"line":103,"column":21},"end":{"line":105,"column":7}},"42":{"start":{"line":106,"column":17},"end":{"line":106,"column":62}},"43":{"start":{"line":108,"column":26},"end":{"line":108,"column":60}},"44":{"start":{"line":109,"column":21},"end":{"line":109,"column":77}},"45":{"start":{"line":110,"column":21},"end":{"line":110,"column":48}},"46":{"start":{"line":111,"column":19},"end":{"line":111,"column":42}},"47":{"start":{"line":114,"column":21},"end":{"line":114,"column":78}},"48":{"start":{"line":116,"column":2},"end":{"line":116,"column":58}},"49":{"start":{"line":124,"column":12},"end":{"line":124,"column":33}},"50":{"start":{"line":125,"column":2},"end":{"line":125,"column":56}},"51":{"start":{"line":125,"column":46},"end":{"line":125,"column":56}},"52":{"start":{"line":126,"column":15},"end":{"line":126,"column":26}},"53":{"start":{"line":127,"column":16},"end":{"line":127,"column":56}},"54":{"start":{"line":128,"column":18},"end":{"line":128,"column":60}},"55":{"start":{"line":129,"column":14},"end":{"line":129,"column":53}},"56":{"start":{"line":130,"column":16},"end":{"line":130,"column":60}},"57":{"start":{"line":131,"column":15},"end":{"line":131,"column":33}},"58":{"start":{"line":132,"column":2},"end":{"line":132,"column":55}},"59":{"start":{"line":140,"column":12},"end":{"line":140,"column":33}},"60":{"start":{"line":141,"column":2},"end":{"line":141,"column":56}},"61":{"start":{"line":141,"column":46},"end":{"line":141,"column":56}},"62":{"start":{"line":142,"column":15},"end":{"line":142,"column":26}},"63":{"start":{"line":143,"column":16},"end":{"line":143,"column":56}},"64":{"start":{"line":144,"column":18},"end":{"line":144,"column":60}},"65":{"start":{"line":145,"column":2},"end":{"line":145,"column":31}},"66":{"start":{"line":153,"column":12},"end":{"line":153,"column":75}},"67":{"start":{"line":154,"column":16},"end":{"line":154,"column":34}},"68":{"start":{"line":155,"column":15},"end":{"line":155,"column":21}},"69":{"start":{"line":156,"column":2},"end":{"line":156,"column":55}}},"fnMap":{"0":{"name":"formatMoney","decl":{"start":{"line":10,"column":16},"end":{"line":10,"column":27}},"loc":{"start":{"line":10,"column":42},"end":{"line":22,"column":1}}},"1":{"name":"minutesBetween","decl":{"start":{"line":31,"column":16},"end":{"line":31,"column":30}},"loc":{"start":{"line":31,"column":64},"end":{"line":40,"column":1}}},"2":{"name":"calcTimeCharge","decl":{"start":{"line":49,"column":16},"end":{"line":49,"column":30}},"loc":{"start":{"line":52,"column":22},"end":{"line":66,"column":1}}},"3":{"name":"calcItemsTotal","decl":{"start":{"line":74,"column":16},"end":{"line":74,"column":30}},"loc":{"start":{"line":74,"column":48},"end":{"line":81,"column":1}}},"4":{"name":"(anonymous_4)","decl":{"start":{"line":76,"column":22},"end":{"line":76,"column":23}},"loc":{"start":{"line":76,"column":36},"end":{"line":80,"column":3}}},"5":{"name":"calcTotals","decl":{"start":{"line":87,"column":16},"end":{"line":87,"column":26}},"loc":{"start":{"line":87,"column":37},"end":{"line":117,"column":1}}},"6":{"name":"formatDateTime","decl":{"start":{"line":123,"column":16},"end":{"line":123,"column":30}},"loc":{"start":{"line":123,"column":48},"end":{"line":133,"column":1}}},"7":{"name":"formatTime","decl":{"start":{"line":139,"column":16},"end":{"line":139,"column":26}},"loc":{"start":{"line":139,"column":44},"end":{"line":146,"column":1}}},"8":{"name":"formatDuration","decl":{"start":{"line":152,"column":16},"end":{"line":152,"column":30}},"loc":{"start":{"line":152,"column":46},"end":{"line":157,"column":1}}}},"branchMap":{"0":{"loc":{"start":{"line":11,"column":12},"end":{"line":11,"column":60}},"type":"cond-expr","locations":[{"start":{"line":11,"column":38},"end":{"line":11,"column":56}},{"start":{"line":11,"column":59},"end":{"line":11,"column":60}}]},"1":{"loc":{"start":{"line":12,"column":15},"end":{"line":12,"column":31}},"type":"cond-expr","locations":[{"start":{"line":12,"column":23},"end":{"line":12,"column":26}},{"start":{"line":12,"column":29},"end":{"line":12,"column":31}}]},"2":{"loc":{"start":{"line":33,"column":16},"end":{"line":33,"column":70}},"type":"cond-expr","locations":[{"start":{"line":33,"column":39},"end":{"line":33,"column":49}},{"start":{"line":33,"column":52},"end":{"line":33,"column":70}}]},"3":{"loc":{"start":{"line":35,"column":2},"end":{"line":35,"column":67}},"type":"if","locations":[{"start":{"line":35,"column":2},"end":{"line":35,"column":67}},{"start":{},"end":{}}]},"4":{"loc":{"start":{"line":35,"column":6},"end":{"line":35,"column":56}},"type":"binary-expr","locations":[{"start":{"line":35,"column":6},"end":{"line":35,"column":31}},{"start":{"line":35,"column":35},"end":{"line":35,"column":56}}]},"5":{"loc":{"start":{"line":36,"column":2},"end":{"line":36,"column":63}},"type":"if","locations":[{"start":{"line":36,"column":2},"end":{"line":36,"column":63}},{"start":{},"end":{}}]},"6":{"loc":{"start":{"line":36,"column":6},"end":{"line":36,"column":52}},"type":"binary-expr","locations":[{"start":{"line":36,"column":6},"end":{"line":36,"column":29}},{"start":{"line":36,"column":33},"end":{"line":36,"column":52}}]},"7":{"loc":{"start":{"line":54,"column":18},"end":{"line":54,"column":85}},"type":"cond-expr","locations":[{"start":{"line":54,"column":53},"end":{"line":54,"column":81}},{"start":{"line":54,"column":84},"end":{"line":54,"column":85}}]},"8":{"loc":{"start":{"line":55,"column":15},"end":{"line":55,"column":72}},"type":"cond-expr","locations":[{"start":{"line":55,"column":45},"end":{"line":55,"column":68}},{"start":{"line":55,"column":71},"end":{"line":55,"column":72}}]},"9":{"loc":{"start":{"line":57,"column":2},"end":{"line":57,"column":44}},"type":"if","locations":[{"start":{"line":57,"column":2},"end":{"line":57,"column":44}},{"start":{},"end":{}}]},"10":{"loc":{"start":{"line":57,"column":6},"end":{"line":57,"column":33}},"type":"binary-expr","locations":[{"start":{"line":57,"column":6},"end":{"line":57,"column":19}},{"start":{"line":57,"column":23},"end":{"line":57,"column":33}}]},"11":{"loc":{"start":{"line":59,"column":2},"end":{"line":62,"column":3}},"type":"if","locations":[{"start":{"line":59,"column":2},"end":{"line":62,"column":3}},{"start":{},"end":{}}]},"12":{"loc":{"start":{"line":75,"column":2},"end":{"line":75,"column":38}},"type":"if","locations":[{"start":{"line":75,"column":2},"end":{"line":75,"column":38}},{"start":{},"end":{}}]},"13":{"loc":{"start":{"line":77,"column":15},"end":{"line":77,"column":38}},"type":"cond-expr","locations":[{"start":{"line":77,"column":19},"end":{"line":77,"column":27}},{"start":{"line":77,"column":15},"end":{"line":77,"column":38}}]},"14":{"loc":{"start":{"line":77,"column":15},"end":{"line":77,"column":27}},"type":"binary-expr","locations":[{"start":{"line":77,"column":15},"end":{"line":77,"column":29}},{"start":{"line":77,"column":15},"end":{"line":77,"column":27}}]},"15":{"loc":{"start":{"line":78,"column":14},"end":{"line":78,"column":48}},"type":"cond-expr","locations":[{"start":{"line":78,"column":35},"end":{"line":78,"column":44}},{"start":{"line":78,"column":47},"end":{"line":78,"column":48}}]},"16":{"loc":{"start":{"line":94,"column":20},"end":{"line":94,"column":52}},"type":"cond-expr","locations":[{"start":{"line":94,"column":24},"end":{"line":94,"column":32}},{"start":{"line":94,"column":20},"end":{"line":94,"column":52}}]},"17":{"loc":{"start":{"line":94,"column":20},"end":{"line":94,"column":32}},"type":"binary-expr","locations":[{"start":{"line":94,"column":20},"end":{"line":94,"column":34}},{"start":{"line":94,"column":20},"end":{"line":94,"column":32}}]},"18":{"loc":{"start":{"line":95,"column":20},"end":{"line":95,"column":64}},"type":"cond-expr","locations":[{"start":{"line":95,"column":24},"end":{"line":95,"column":32}},{"start":{"line":95,"column":20},"end":{"line":95,"column":64}}]},"19":{"loc":{"start":{"line":95,"column":20},"end":{"line":95,"column":32}},"type":"binary-expr","locations":[{"start":{"line":95,"column":20},"end":{"line":95,"column":34}},{"start":{"line":95,"column":20},"end":{"line":95,"column":32}}]},"20":{"loc":{"start":{"line":96,"column":21},"end":{"line":98,"column":7}},"type":"cond-expr","locations":[{"start":{"line":97,"column":6},"end":{"line":97,"column":39}},{"start":{"line":98,"column":6},"end":{"line":98,"column":7}}]},"21":{"loc":{"start":{"line":96,"column":38},"end":{"line":96,"column":62}},"type":"cond-expr","locations":[{"start":{"line":96,"column":42},"end":{"line":96,"column":50}},{"start":{"line":96,"column":38},"end":{"line":96,"column":62}}]},"22":{"loc":{"start":{"line":96,"column":38},"end":{"line":96,"column":50}},"type":"binary-expr","locations":[{"start":{"line":96,"column":38},"end":{"line":96,"column":52}},{"start":{"line":96,"column":38},"end":{"line":96,"column":50}}]},"23":{"loc":{"start":{"line":97,"column":14},"end":{"line":97,"column":38}},"type":"cond-expr","locations":[{"start":{"line":97,"column":18},"end":{"line":97,"column":26}},{"start":{"line":97,"column":14},"end":{"line":97,"column":38}}]},"24":{"loc":{"start":{"line":97,"column":14},"end":{"line":97,"column":26}},"type":"binary-expr","locations":[{"start":{"line":97,"column":14},"end":{"line":97,"column":28}},{"start":{"line":97,"column":14},"end":{"line":97,"column":26}}]},"25":{"loc":{"start":{"line":99,"column":31},"end":{"line":99,"column":56}},"type":"cond-expr","locations":[{"start":{"line":99,"column":35},"end":{"line":99,"column":43}},{"start":{"line":99,"column":31},"end":{"line":99,"column":56}}]},"26":{"loc":{"start":{"line":99,"column":31},"end":{"line":99,"column":43}},"type":"binary-expr","locations":[{"start":{"line":99,"column":31},"end":{"line":99,"column":45}},{"start":{"line":99,"column":31},"end":{"line":99,"column":43}}]},"27":{"loc":{"start":{"line":100,"column":19},"end":{"line":102,"column":7}},"type":"cond-expr","locations":[{"start":{"line":101,"column":6},"end":{"line":101,"column":37}},{"start":{"line":102,"column":6},"end":{"line":102,"column":7}}]},"28":{"loc":{"start":{"line":100,"column":36},"end":{"line":100,"column":58}},"type":"cond-expr","locations":[{"start":{"line":100,"column":40},"end":{"line":100,"column":48}},{"start":{"line":100,"column":36},"end":{"line":100,"column":58}}]},"29":{"loc":{"start":{"line":100,"column":36},"end":{"line":100,"column":48}},"type":"binary-expr","locations":[{"start":{"line":100,"column":36},"end":{"line":100,"column":50}},{"start":{"line":100,"column":36},"end":{"line":100,"column":48}}]},"30":{"loc":{"start":{"line":101,"column":14},"end":{"line":101,"column":36}},"type":"cond-expr","locations":[{"start":{"line":101,"column":18},"end":{"line":101,"column":26}},{"start":{"line":101,"column":14},"end":{"line":101,"column":36}}]},"31":{"loc":{"start":{"line":101,"column":14},"end":{"line":101,"column":26}},"type":"binary-expr","locations":[{"start":{"line":101,"column":14},"end":{"line":101,"column":28}},{"start":{"line":101,"column":14},"end":{"line":101,"column":26}}]},"32":{"loc":{"start":{"line":103,"column":21},"end":{"line":105,"column":7}},"type":"cond-expr","locations":[{"start":{"line":104,"column":6},"end":{"line":104,"column":39}},{"start":{"line":105,"column":6},"end":{"line":105,"column":7}}]},"33":{"loc":{"start":{"line":103,"column":38},"end":{"line":103,"column":62}},"type":"cond-expr","locations":[{"start":{"line":103,"column":42},"end":{"line":103,"column":50}},{"start":{"line":103,"column":38},"end":{"line":103,"column":62}}]},"34":{"loc":{"start":{"line":103,"column":38},"end":{"line":103,"column":50}},"type":"binary-expr","locations":[{"start":{"line":103,"column":38},"end":{"line":103,"column":52}},{"start":{"line":103,"column":38},"end":{"line":103,"column":50}}]},"35":{"loc":{"start":{"line":104,"column":14},"end":{"line":104,"column":38}},"type":"cond-expr","locations":[{"start":{"line":104,"column":18},"end":{"line":104,"column":26}},{"start":{"line":104,"column":14},"end":{"line":104,"column":38}}]},"36":{"loc":{"start":{"line":104,"column":14},"end":{"line":104,"column":26}},"type":"binary-expr","locations":[{"start":{"line":104,"column":14},"end":{"line":104,"column":28}},{"start":{"line":104,"column":14},"end":{"line":104,"column":26}}]},"37":{"loc":{"start":{"line":106,"column":17},"end":{"line":106,"column":62}},"type":"cond-expr","locations":[{"start":{"line":106,"column":21},"end":{"line":106,"column":29}},{"start":{"line":106,"column":17},"end":{"line":106,"column":62}}]},"38":{"loc":{"start":{"line":106,"column":17},"end":{"line":106,"column":29}},"type":"binary-expr","locations":[{"start":{"line":106,"column":17},"end":{"line":106,"column":31}},{"start":{"line":106,"column":17},"end":{"line":106,"column":29}}]},"39":{"loc":{"start":{"line":110,"column":36},"end":{"line":110,"column":47}},"type":"binary-expr","locations":[{"start":{"line":110,"column":36},"end":{"line":110,"column":41}},{"start":{"line":110,"column":45},"end":{"line":110,"column":47}}]},"40":{"loc":{"start":{"line":125,"column":2},"end":{"line":125,"column":56}},"type":"if","locations":[{"start":{"line":125,"column":2},"end":{"line":125,"column":56}},{"start":{},"end":{}}]},"41":{"loc":{"start":{"line":125,"column":6},"end":{"line":125,"column":44}},"type":"binary-expr","locations":[{"start":{"line":125,"column":6},"end":{"line":125,"column":25}},{"start":{"line":125,"column":29},"end":{"line":125,"column":44}}]},"42":{"loc":{"start":{"line":141,"column":2},"end":{"line":141,"column":56}},"type":"if","locations":[{"start":{"line":141,"column":2},"end":{"line":141,"column":56}},{"start":{},"end":{}}]},"43":{"loc":{"start":{"line":141,"column":6},"end":{"line":141,"column":44}},"type":"binary-expr","locations":[{"start":{"line":141,"column":6},"end":{"line":141,"column":25}},{"start":{"line":141,"column":29},"end":{"line":141,"column":44}}]},"44":{"loc":{"start":{"line":153,"column":12},"end":{"line":153,"column":75}},"type":"cond-expr","locations":[{"start":{"line":153,"column":39},"end":{"line":153,"column":71}},{"start":{"line":153,"column":74},"end":{"line":153,"column":75}}]},"45":{"loc":{"start":{"line":156,"column":9},"end":{"line":156,"column":54}},"type":"cond-expr","locations":[{"start":{"line":156,"column":21},"end":{"line":156,"column":41}},{"start":{"line":156,"column":44},"end":{"line":156,"column":54}}]}},"s":{"0":1,"1":1,"2":1,"3":1,"4":1,"5":1,"6":1,"7":1,"8":8,"9":8,"10":8,"11":8,"12":8,"13":16,"14":16,"15":16,"16":7,"17":9,"18":1,"19":8,"20":8,"21":19,"22":19,"23":19,"24":11,"25":8,"26":3,"27":3,"28":5,"29":5,"30":16,"31":2,"32":14,"33":12,"34":12,"35":12,"36":9,"37":9,"38":9,"39":9,"40":9,"41":9,"42":9,"43":9,"44":9,"45":9,"46":9,"47":9,"48":9,"49":7,"50":7,"51":4,"52":3,"53":3,"54":3,"55":3,"56":3,"57":3,"58":3,"59":5,"60":5,"61":3,"62":2,"63":2,"64":2,"65":2,"66":9,"67":9,"68":9,"69":9},"f":{"0":8,"1":16,"2":19,"3":16,"4":12,"5":9,"6":7,"7":5,"8":9},"b":{"0":[5,3],"1":[1,7],"2":[1,15],"3":[7,9],"4":[16,9],"5":[1,8],"6":[9,8],"7":[18,1],"8":[18,1],"9":[11,8],"10":[19,11],"11":[3,5],"12":[2,14],"13":[1,11],"14":[12,12],"15":[9,3],"16":[0,9],"17":[9,9],"18":[0,9],"19":[9,9],"20":[8,1],"21":[0,9],"22":[9,9],"23":[0,8],"24":[8,8],"25":[0,9],"26":[9,9],"27":[4,5],"28":[0,9],"29":[9,9],"30":[0,4],"31":[4,4],"32":[4,5],"33":[0,9],"34":[9,9],"35":[0,4],"36":[4,4],"37":[0,9],"38":[9,9],"39":[9,5],"40":[4,3],"41":[7,3],"42":[3,2],"43":[5,2],"44":[6,3],"45":[3,6]}}
}
