TN:
SF:src\utils\calculations.ts
FN:10,formatMoney
FN:31,minutesBetween
FN:49,calcTimeCharge
FN:74,calcItemsTotal
FN:76,(anonymous_4)
FN:87,calcTotals
FN:123,formatDateTime
FN:139,formatTime
FN:152,formatDuration
FNF:9
FNH:9
FNDA:8,formatMoney
FNDA:16,minutesBetween
FNDA:19,calcTimeCharge
FNDA:16,calcItemsTotal
FNDA:12,(anonymous_4)
FNDA:9,calcTotals
FNDA:7,formatDateTime
FNDA:5,formatTime
FNDA:9,formatDuration
DA:10,1
DA:11,8
DA:12,8
DA:13,8
DA:15,8
DA:21,8
DA:31,1
DA:32,16
DA:33,16
DA:35,16
DA:36,9
DA:38,8
DA:39,8
DA:49,1
DA:54,19
DA:55,19
DA:57,19
DA:59,8
DA:60,3
DA:61,3
DA:64,5
DA:65,5
DA:74,1
DA:75,16
DA:76,14
DA:77,12
DA:78,12
DA:79,12
DA:87,1
DA:94,9
DA:95,9
DA:96,9
DA:99,9
DA:100,9
DA:103,9
DA:106,9
DA:108,9
DA:109,9
DA:110,9
DA:111,9
DA:114,9
DA:116,9
DA:123,1
DA:124,7
DA:125,7
DA:126,3
DA:127,3
DA:128,3
DA:129,3
DA:130,3
DA:131,3
DA:132,3
DA:139,1
DA:140,5
DA:141,5
DA:142,2
DA:143,2
DA:144,2
DA:145,2
DA:152,1
DA:153,9
DA:154,9
DA:155,9
DA:156,9
LF:64
LH:64
BRDA:11,0,0,5
BRDA:11,0,1,3
BRDA:12,1,0,1
BRDA:12,1,1,7
BRDA:33,2,0,1
BRDA:33,2,1,15
BRDA:35,3,0,7
BRDA:35,3,1,9
BRDA:35,4,0,16
BRDA:35,4,1,9
BRDA:36,5,0,1
BRDA:36,5,1,8
BRDA:36,6,0,9
BRDA:36,6,1,8
BRDA:54,7,0,18
BRDA:54,7,1,1
BRDA:55,8,0,18
BRDA:55,8,1,1
BRDA:57,9,0,11
BRDA:57,9,1,8
BRDA:57,10,0,19
BRDA:57,10,1,11
BRDA:59,11,0,3
BRDA:59,11,1,5
BRDA:75,12,0,2
BRDA:75,12,1,14
BRDA:77,13,0,1
BRDA:77,13,1,11
BRDA:77,14,0,12
BRDA:77,14,1,12
BRDA:78,15,0,9
BRDA:78,15,1,3
BRDA:94,16,0,0
BRDA:94,16,1,9
BRDA:94,17,0,9
BRDA:94,17,1,9
BRDA:95,18,0,0
BRDA:95,18,1,9
BRDA:95,19,0,9
BRDA:95,19,1,9
BRDA:96,20,0,8
BRDA:96,20,1,1
BRDA:96,21,0,0
BRDA:96,21,1,9
BRDA:96,22,0,9
BRDA:96,22,1,9
BRDA:97,23,0,0
BRDA:97,23,1,8
BRDA:97,24,0,8
BRDA:97,24,1,8
BRDA:99,25,0,0
BRDA:99,25,1,9
BRDA:99,26,0,9
BRDA:99,26,1,9
BRDA:100,27,0,4
BRDA:100,27,1,5
BRDA:100,28,0,0
BRDA:100,28,1,9
BRDA:100,29,0,9
BRDA:100,29,1,9
BRDA:101,30,0,0
BRDA:101,30,1,4
BRDA:101,31,0,4
BRDA:101,31,1,4
BRDA:103,32,0,4
BRDA:103,32,1,5
BRDA:103,33,0,0
BRDA:103,33,1,9
BRDA:103,34,0,9
BRDA:103,34,1,9
BRDA:104,35,0,0
BRDA:104,35,1,4
BRDA:104,36,0,4
BRDA:104,36,1,4
BRDA:106,37,0,0
BRDA:106,37,1,9
BRDA:106,38,0,9
BRDA:106,38,1,9
BRDA:110,39,0,9
BRDA:110,39,1,5
BRDA:125,40,0,4
BRDA:125,40,1,3
BRDA:125,41,0,7
BRDA:125,41,1,3
BRDA:141,42,0,3
BRDA:141,42,1,2
BRDA:141,43,0,5
BRDA:141,43,1,2
BRDA:153,44,0,6
BRDA:153,44,1,3
BRDA:156,45,0,3
BRDA:156,45,1,6
BRF:92
BRH:82
end_of_record
